[debug] [2023-06-03T21:08:46.645Z] ----------------------------------------------------------------------
[debug] [2023-06-03T21:08:46.647Z] Command:       C:\Program Files\nodejs\node.exe C:\Users\bkiljanski\AppData\Roaming\npm\node_modules\firebase-tools\lib\bin\firebase.js login
[debug] [2023-06-03T21:08:46.647Z] CLI Version:   12.3.0
[debug] [2023-06-03T21:08:46.648Z] Platform:      win32
[debug] [2023-06-03T21:08:46.648Z] Node Version:  v16.20.0
[debug] [2023-06-03T21:08:46.649Z] Time:          Sat Jun 03 2023 23:08:46 GMT+0200 (czas środkowoeuropejski letni)
[debug] [2023-06-03T21:08:46.649Z] ----------------------------------------------------------------------
[debug] 
[debug] [2023-06-03T21:08:46.653Z] >>> [apiv2][query] GET https://firebase-public.firebaseio.com/cli.json [none]
[info] i  Firebase optionally collects CLI and Emulator Suite usage and error reporting information to help improve our products. Data is collected in accordance with Google's privacy policy (https://policies.google.com/privacy) and is not used to identify you.
 
[debug] [2023-06-03T21:08:47.264Z] <<< [apiv2][status] GET https://firebase-public.firebaseio.com/cli.json 200
[debug] [2023-06-03T21:08:47.265Z] <<< [apiv2][body] GET https://firebase-public.firebaseio.com/cli.json {"cloudBuildErrorAfter":1594252800000,"cloudBuildWarnAfter":1590019200000,"defaultNode10After":1594252800000,"minVersion":"3.0.5","node8DeploysDisabledAfter":1613390400000,"node8RuntimeDisabledAfter":1615809600000,"node8WarnAfter":1600128000000}
[debug] [2023-06-04T11:06:51.135Z] ----------------------------------------------------------------------
[debug] [2023-06-04T11:06:51.137Z] Command:       C:\Program Files\nodejs\node.exe C:\Users\bkiljanski\AppData\Roaming\npm\node_modules\firebase-tools\lib\bin\firebase.js init
[debug] [2023-06-04T11:06:51.138Z] CLI Version:   12.3.0
[debug] [2023-06-04T11:06:51.138Z] Platform:      win32
[debug] [2023-06-04T11:06:51.138Z] Node Version:  v16.20.0
[debug] [2023-06-04T11:06:51.139Z] Time:          Sun Jun 04 2023 13:06:51 GMT+0200 (czas środkowoeuropejski letni)
[debug] [2023-06-04T11:06:51.139Z] ----------------------------------------------------------------------
[debug] 
[debug] [2023-06-04T11:06:51.148Z] > command requires scopes: ["email","openid","https://www.googleapis.com/auth/cloudplatformprojects.readonly","https://www.googleapis.com/auth/firebase","https://www.googleapis.com/auth/cloud-platform"]
[debug] [2023-06-04T11:06:51.149Z] > authorizing via signed-in user (kiljan.24031997@gmail.com)
[info] 
     ######## #### ########  ######## ########     ###     ######  ########
     ##        ##  ##     ## ##       ##     ##  ##   ##  ##       ##
     ######    ##  ########  ######   ########  #########  ######  ######
     ##        ##  ##    ##  ##       ##     ## ##     ##       ## ##
     ##       #### ##     ## ######## ########  ##     ##  ######  ########

You're about to initialize a Firebase project in this directory:

  C:\Users\bkiljanski\Desktop\eskok\Angular\ANgularCoruse

