[debug] [2023-06-04T10:53:56.814Z] ----------------------------------------------------------------------
[debug] [2023-06-04T10:53:56.816Z] Command:       C:\Program Files\nodejs\node.exe C:\Users\bkiljanski\AppData\Roaming\npm\node_modules\firebase-tools\lib\bin\firebase.js init
[debug] [2023-06-04T10:53:56.817Z] CLI Version:   12.3.0
[debug] [2023-06-04T10:53:56.817Z] Platform:      win32
[debug] [2023-06-04T10:53:56.817Z] Node Version:  v16.20.0
[debug] [2023-06-04T10:53:56.818Z] Time:          Sun Jun 04 2023 12:53:56 GMT+0200 (czas środkowoeuropejski letni)
[debug] [2023-06-04T10:53:56.818Z] ----------------------------------------------------------------------
[debug] 
[debug] [2023-06-04T10:53:56.898Z] > command requires scopes: ["email","openid","https://www.googleapis.com/auth/cloudplatformprojects.readonly","https://www.googleapis.com/auth/firebase","https://www.googleapis.com/auth/cloud-platform"]
[debug] [2023-06-04T10:53:56.898Z] > authorizing via signed-in user (kiljan.24031997@gmail.com)
[info] 
     ######## #### ########  ######## ########     ###     ######  ########
     ##        ##  ##     ## ##       ##     ##  ##   ##  ##       ##
     ######    ##  ########  ######   ########  #########  ######  ######
     ##        ##  ##    ##  ##       ##     ## ##     ##       ## ##
     ##       #### ##     ## ######## ########  ##     ##  ######  ########

You're about to initialize a Firebase project in this directory:

  C:\Users\bkiljanski\Desktop\eskok\Angular\ANgularCoruse\angularZaliczenie

Before we get started, keep in mind:

  * You are initializing within an existing Firebase project directory

